CRITICAL - 2025-08-28 01:26:02 --> CodeIgniter\View\Exceptions\ViewException: Invalid file: "partials/side_menu  .php"
[Method: GET, Route: main]
in SYSTEMPATH\Exceptions\FrameworkException.php on line 39.
 1 SYSTEMPATH\View\View.php(214): CodeIgniter\Exceptions\FrameworkException::forInvalidFile()
 2 SYSTEMPATH\View\View.php(475): CodeIgniter\View\View->render()
 3 APPPATH\Views\layouts\layout_main.php(48): CodeIgniter\View\View->include()
 4 SYSTEMPATH\View\View.php(226): include('C:\\Users\\kenzo\\OneDrive\\Documentos\\DOCS\\Projetos\\PHP\\codeigniter-yt\\codeigniter4-framework-v4.6.3-0-g68d1a58\\CIDASH\\app\\Views\\layouts\\layout_main.php')
 5 SYSTEMPATH\View\View.php(229): CodeIgniter\View\View->CodeIgniter\View\{closure}()
 6 SYSTEMPATH\View\View.php(242): CodeIgniter\View\View->render()
 7 SYSTEMPATH\Common.php(1167): CodeIgniter\View\View->render()
 8 APPPATH\Controllers\Main.php(12): view()
 9 SYSTEMPATH\CodeIgniter.php(933): App\Controllers\Main->index()
10 SYSTEMPATH\CodeIgniter.php(507): CodeIgniter\CodeIgniter->runController()
11 SYSTEMPATH\CodeIgniter.php(354): CodeIgniter\CodeIgniter->handleRequest()
12 SYSTEMPATH\Boot.php(363): CodeIgniter\CodeIgniter->run()
13 SYSTEMPATH\Boot.php(68): CodeIgniter\Boot::runCodeIgniter()
14 FCPATH\index.php(59): CodeIgniter\Boot::bootWeb()
15 SYSTEMPATH\rewrite.php(44): require_once('C:\\Users\\kenzo\\OneDrive\\Documentos\\DOCS\\Projetos\\PHP\\codeigniter-yt\\codeigniter4-framework-v4.6.3-0-g68d1a58\\CIDASH\\public\\index.php')
CRITICAL - 2025-08-28 01:26:20 --> CodeIgniter\View\Exceptions\ViewException: Invalid file: "layouts/partials/side_menu  .php"
[Method: GET, Route: main]
in SYSTEMPATH\Exceptions\FrameworkException.php on line 39.
 1 SYSTEMPATH\View\View.php(214): CodeIgniter\Exceptions\FrameworkException::forInvalidFile()
 2 SYSTEMPATH\View\View.php(475): CodeIgniter\View\View->render()
 3 APPPATH\Views\layouts\layout_main.php(48): CodeIgniter\View\View->include()
 4 SYSTEMPATH\View\View.php(226): include('C:\\Users\\kenzo\\OneDrive\\Documentos\\DOCS\\Projetos\\PHP\\codeigniter-yt\\codeigniter4-framework-v4.6.3-0-g68d1a58\\CIDASH\\app\\Views\\layouts\\layout_main.php')
 5 SYSTEMPATH\View\View.php(229): CodeIgniter\View\View->CodeIgniter\View\{closure}()
 6 SYSTEMPATH\View\View.php(242): CodeIgniter\View\View->render()
 7 SYSTEMPATH\Common.php(1167): CodeIgniter\View\View->render()
 8 APPPATH\Controllers\Main.php(12): view()
 9 SYSTEMPATH\CodeIgniter.php(933): App\Controllers\Main->index()
10 SYSTEMPATH\CodeIgniter.php(507): CodeIgniter\CodeIgniter->runController()
11 SYSTEMPATH\CodeIgniter.php(354): CodeIgniter\CodeIgniter->handleRequest()
12 SYSTEMPATH\Boot.php(363): CodeIgniter\CodeIgniter->run()
13 SYSTEMPATH\Boot.php(68): CodeIgniter\Boot::runCodeIgniter()
14 FCPATH\index.php(59): CodeIgniter\Boot::bootWeb()
15 SYSTEMPATH\rewrite.php(44): require_once('C:\\Users\\kenzo\\OneDrive\\Documentos\\DOCS\\Projetos\\PHP\\codeigniter-yt\\codeigniter4-framework-v4.6.3-0-g68d1a58\\CIDASH\\public\\index.php')
